<?xml version="1.0" encoding="UTF-8"?>
<testsuite xmlns:xsi="http://www.w3.org/2001/XMLSchema-instance" xsi:noNamespaceSchemaLocation="https://maven.apache.org/surefire/maven-surefire-plugin/xsd/surefire-test-report-3.0.xsd" version="3.0" name="com.therealworld.fitschedule.GoalsControllerTest" time="21.313" tests="2" errors="1" skipped="0" failures="0">
  <properties>
    <property name="java.specification.version" value="21"/>
    <property name="javafx.runtime.version" value="22.0.2+4"/>
    <property name="sun.jnu.encoding" value="UTF-8"/>
    <property name="java.class.path" value="/Users/tonydo/IdeaProjects/TheRealWorld233/target/test-classes:/Users/tonydo/.m2/repository/org/openjfx/javafx-controls/22.0.2/javafx-controls-22.0.2.jar:/Users/tonydo/.m2/repository/org/openjfx/javafx-graphics/22.0.2/javafx-graphics-22.0.2.jar:/Users/tonydo/.m2/repository/org/openjfx/javafx-base/22.0.2/javafx-base-22.0.2.jar:/Users/tonydo/.m2/repository/org/openjfx/javafx-fxml/22.0.2/javafx-fxml-22.0.2.jar:/Users/tonydo/.m2/repository/org/junit/jupiter/junit-jupiter-api/5.10.0/junit-jupiter-api-5.10.0.jar:/Users/tonydo/.m2/repository/org/opentest4j/opentest4j/1.3.0/opentest4j-1.3.0.jar:/Users/tonydo/.m2/repository/org/junit/platform/junit-platform-commons/1.10.0/junit-platform-commons-1.10.0.jar:/Users/tonydo/.m2/repository/org/apiguardian/apiguardian-api/1.1.2/apiguardian-api-1.1.2.jar:/Users/tonydo/.m2/repository/org/junit/jupiter/junit-jupiter-engine/5.10.0/junit-jupiter-engine-5.10.0.jar:/Users/tonydo/.m2/repository/org/junit/platform/junit-platform-engine/1.10.0/junit-platform-engine-1.10.0.jar:/Users/tonydo/.m2/repository/org/mockito/mockito-core/5.13.0/mockito-core-5.13.0.jar:/Users/tonydo/.m2/repository/net/bytebuddy/byte-buddy/1.15.0/byte-buddy-1.15.0.jar:/Users/tonydo/.m2/repository/net/bytebuddy/byte-buddy-agent/1.15.0/byte-buddy-agent-1.15.0.jar:/Users/tonydo/.m2/repository/org/objenesis/objenesis/3.3/objenesis-3.3.jar:/Users/tonydo/.m2/repository/org/testfx/testfx-core/4.0.16-alpha/testfx-core-4.0.16-alpha.jar:/Users/tonydo/.m2/repository/org/hamcrest/hamcrest-core/1.3/hamcrest-core-1.3.jar:/Users/tonydo/.m2/repository/org/assertj/assertj-core/3.13.2/assertj-core-3.13.2.jar:/Users/tonydo/.m2/repository/org/testfx/testfx-junit5/4.0.16-alpha/testfx-junit5-4.0.16-alpha.jar:/Users/tonydo/.m2/repository/org/xerial/sqlite-jdbc/3.36.0.3/sqlite-jdbc-3.36.0.3.jar:"/>
    <property name="java.vm.vendor" value="Amazon.com Inc."/>
    <property name="sun.arch.data.model" value="64"/>
    <property name="java.vendor.url" value="https://aws.amazon.com/corretto/"/>
    <property name="user.timezone" value="Australia/Brisbane"/>
    <property name="javafx.version" value="22.0.2"/>
    <property name="os.name" value="Mac OS X"/>
    <property name="java.vm.specification.version" value="21"/>
    <property name="sun.java.launcher" value="SUN_STANDARD"/>
    <property name="user.country" value="AU"/>
    <property name="sun.boot.library.path" value="/Library/Java/JavaVirtualMachines/amazon-corretto-21.jdk/Contents/Home/lib"/>
    <property name="sun.java.command" value="org.apache.maven.surefire.booter.ForkedBooter /Users/tonydo/IdeaProjects/TheRealWorld233/target/surefire 2024-09-22T12-15-33_352-jvmRun1 surefire-20240922121535189_1tmp surefire_0-20240922121535189_2tmp"/>
    <property name="http.nonProxyHosts" value="local|*.local|169.254/16|*.169.254/16"/>
    <property name="jdk.debug" value="release"/>
    <property name="surefire.test.class.path" value="/Users/tonydo/IdeaProjects/TheRealWorld233/target/test-classes:/Users/tonydo/.m2/repository/org/openjfx/javafx-controls/22.0.2/javafx-controls-22.0.2.jar:/Users/tonydo/.m2/repository/org/openjfx/javafx-graphics/22.0.2/javafx-graphics-22.0.2.jar:/Users/tonydo/.m2/repository/org/openjfx/javafx-base/22.0.2/javafx-base-22.0.2.jar:/Users/tonydo/.m2/repository/org/openjfx/javafx-fxml/22.0.2/javafx-fxml-22.0.2.jar:/Users/tonydo/.m2/repository/org/junit/jupiter/junit-jupiter-api/5.10.0/junit-jupiter-api-5.10.0.jar:/Users/tonydo/.m2/repository/org/opentest4j/opentest4j/1.3.0/opentest4j-1.3.0.jar:/Users/tonydo/.m2/repository/org/junit/platform/junit-platform-commons/1.10.0/junit-platform-commons-1.10.0.jar:/Users/tonydo/.m2/repository/org/apiguardian/apiguardian-api/1.1.2/apiguardian-api-1.1.2.jar:/Users/tonydo/.m2/repository/org/junit/jupiter/junit-jupiter-engine/5.10.0/junit-jupiter-engine-5.10.0.jar:/Users/tonydo/.m2/repository/org/junit/platform/junit-platform-engine/1.10.0/junit-platform-engine-1.10.0.jar:/Users/tonydo/.m2/repository/org/mockito/mockito-core/5.13.0/mockito-core-5.13.0.jar:/Users/tonydo/.m2/repository/net/bytebuddy/byte-buddy/1.15.0/byte-buddy-1.15.0.jar:/Users/tonydo/.m2/repository/net/bytebuddy/byte-buddy-agent/1.15.0/byte-buddy-agent-1.15.0.jar:/Users/tonydo/.m2/repository/org/objenesis/objenesis/3.3/objenesis-3.3.jar:/Users/tonydo/.m2/repository/org/testfx/testfx-core/4.0.16-alpha/testfx-core-4.0.16-alpha.jar:/Users/tonydo/.m2/repository/org/hamcrest/hamcrest-core/1.3/hamcrest-core-1.3.jar:/Users/tonydo/.m2/repository/org/assertj/assertj-core/3.13.2/assertj-core-3.13.2.jar:/Users/tonydo/.m2/repository/org/testfx/testfx-junit5/4.0.16-alpha/testfx-junit5-4.0.16-alpha.jar:/Users/tonydo/.m2/repository/org/xerial/sqlite-jdbc/3.36.0.3/sqlite-jdbc-3.36.0.3.jar:"/>
    <property name="sun.cpu.endian" value="little"/>
    <property name="user.home" value="/Users/tonydo"/>
    <property name="user.language" value="en"/>
    <property name="java.specification.vendor" value="Oracle Corporation"/>
    <property name="jdk.module.path" value="/Users/tonydo/IdeaProjects/TheRealWorld233/target/classes:/Users/tonydo/.m2/repository/org/openjfx/javafx-controls/22.0.2/javafx-controls-22.0.2-mac.jar:/Users/tonydo/.m2/repository/org/openjfx/javafx-graphics/22.0.2/javafx-graphics-22.0.2-mac.jar:/Users/tonydo/.m2/repository/org/openjfx/javafx-base/22.0.2/javafx-base-22.0.2-mac.jar:/Users/tonydo/.m2/repository/org/openjfx/javafx-fxml/22.0.2/javafx-fxml-22.0.2-mac.jar"/>
    <property name="java.version.date" value="2024-07-16"/>
    <property name="java.home" value="/Library/Java/JavaVirtualMachines/amazon-corretto-21.jdk/Contents/Home"/>
    <property name="file.separator" value="/"/>
    <property name="basedir" value="/Users/tonydo/IdeaProjects/TheRealWorld233"/>
    <property name="java.vm.compressedOopsMode" value="Zero based"/>
    <property name="line.separator" value="&#10;"/>
    <property name="java.vm.specification.vendor" value="Oracle Corporation"/>
    <property name="java.specification.name" value="Java Platform API Specification"/>
    <property name="apple.awt.application.name" value="ForkedBooter"/>
    <property name="surefire.real.class.path" value="/Users/tonydo/.m2/repository/org/apache/maven/surefire/surefire-booter/3.2.5/surefire-booter-3.2.5.jar:/Users/tonydo/.m2/repository/org/apache/maven/surefire/surefire-api/3.2.5/surefire-api-3.2.5.jar:/Users/tonydo/.m2/repository/org/apache/maven/surefire/surefire-logger-api/3.2.5/surefire-logger-api-3.2.5.jar:/Users/tonydo/.m2/repository/org/apache/maven/surefire/surefire-shared-utils/3.2.5/surefire-shared-utils-3.2.5.jar:/Users/tonydo/.m2/repository/org/apache/maven/surefire/surefire-extensions-spi/3.2.5/surefire-extensions-spi-3.2.5.jar:/Users/tonydo/IdeaProjects/TheRealWorld233/target/test-classes:/Users/tonydo/.m2/repository/org/openjfx/javafx-controls/22.0.2/javafx-controls-22.0.2.jar:/Users/tonydo/.m2/repository/org/openjfx/javafx-graphics/22.0.2/javafx-graphics-22.0.2.jar:/Users/tonydo/.m2/repository/org/openjfx/javafx-base/22.0.2/javafx-base-22.0.2.jar:/Users/tonydo/.m2/repository/org/openjfx/javafx-fxml/22.0.2/javafx-fxml-22.0.2.jar:/Users/tonydo/.m2/repository/org/junit/jupiter/junit-jupiter-api/5.10.0/junit-jupiter-api-5.10.0.jar:/Users/tonydo/.m2/repository/org/opentest4j/opentest4j/1.3.0/opentest4j-1.3.0.jar:/Users/tonydo/.m2/repository/org/junit/platform/junit-platform-commons/1.10.0/junit-platform-commons-1.10.0.jar:/Users/tonydo/.m2/repository/org/apiguardian/apiguardian-api/1.1.2/apiguardian-api-1.1.2.jar:/Users/tonydo/.m2/repository/org/junit/jupiter/junit-jupiter-engine/5.10.0/junit-jupiter-engine-5.10.0.jar:/Users/tonydo/.m2/repository/org/junit/platform/junit-platform-engine/1.10.0/junit-platform-engine-1.10.0.jar:/Users/tonydo/.m2/repository/org/mockito/mockito-core/5.13.0/mockito-core-5.13.0.jar:/Users/tonydo/.m2/repository/net/bytebuddy/byte-buddy/1.15.0/byte-buddy-1.15.0.jar:/Users/tonydo/.m2/repository/net/bytebuddy/byte-buddy-agent/1.15.0/byte-buddy-agent-1.15.0.jar:/Users/tonydo/.m2/repository/org/objenesis/objenesis/3.3/objenesis-3.3.jar:/Users/tonydo/.m2/repository/org/testfx/testfx-core/4.0.16-alpha/testfx-core-4.0.16-alpha.jar:/Users/tonydo/.m2/repository/org/hamcrest/hamcrest-core/1.3/hamcrest-core-1.3.jar:/Users/tonydo/.m2/repository/org/assertj/assertj-core/3.13.2/assertj-core-3.13.2.jar:/Users/tonydo/.m2/repository/org/testfx/testfx-junit5/4.0.16-alpha/testfx-junit5-4.0.16-alpha.jar:/Users/tonydo/.m2/repository/org/xerial/sqlite-jdbc/3.36.0.3/sqlite-jdbc-3.36.0.3.jar:/Users/tonydo/.m2/repository/org/apache/maven/surefire/surefire-junit-platform/3.2.5/surefire-junit-platform-3.2.5.jar:/Users/tonydo/.m2/repository/org/apache/maven/surefire/common-java5/3.2.5/common-java5-3.2.5.jar:/Users/tonydo/.m2/repository/org/junit/platform/junit-platform-launcher/1.10.0/junit-platform-launcher-1.10.0.jar"/>
    <property name="sun.management.compiler" value="HotSpot 64-Bit Tiered Compilers"/>
    <property name="ftp.nonProxyHosts" value="local|*.local|169.254/16|*.169.254/16"/>
    <property name="java.runtime.version" value="21.0.4+7-LTS"/>
    <property name="user.name" value="tonydo"/>
    <property name="stdout.encoding" value="UTF-8"/>
    <property name="path.separator" value=":"/>
    <property name="os.version" value="12.6.3"/>
    <property name="java.runtime.name" value="OpenJDK Runtime Environment"/>
    <property name="file.encoding" value="UTF-8"/>
    <property name="java.vm.name" value="OpenJDK 64-Bit Server VM"/>
    <property name="java.vendor.version" value="Corretto-21.0.4.7.1"/>
    <property name="localRepository" value="/Users/tonydo/.m2/repository"/>
    <property name="java.vendor.url.bug" value="https://github.com/corretto/corretto-21/issues/"/>
    <property name="java.io.tmpdir" value="/var/folders/gb/4t9w13sd0zq8yctn8rc6wfv00000gn/T/"/>
    <property name="idea.version" value="2024.1.4"/>
    <property name="java.version" value="21.0.4"/>
    <property name="user.dir" value="/Users/tonydo/IdeaProjects/TheRealWorld233"/>
    <property name="os.arch" value="x86_64"/>
    <property name="java.vm.specification.name" value="Java Virtual Machine Specification"/>
    <property name="native.encoding" value="UTF-8"/>
    <property name="java.library.path" value="/Users/tonydo/Library/Java/Extensions:/Library/Java/Extensions:/Network/Library/Java/Extensions:/System/Library/Java/Extensions:/usr/lib/java:."/>
    <property name="java.vm.info" value="mixed mode"/>
    <property name="stderr.encoding" value="UTF-8"/>
    <property name="java.vendor" value="Amazon.com Inc."/>
    <property name="java.vm.version" value="21.0.4+7-LTS"/>
    <property name="sun.io.unicode.encoding" value="UnicodeBig"/>
    <property name="socksNonProxyHosts" value="local|*.local|169.254/16|*.169.254/16"/>
    <property name="java.class.version" value="65.0"/>
  </properties>
  <testcase name="testDisplayGoalCount" classname="com.therealworld.fitschedule.GoalsControllerTest" time="17.837">
    <system-err><![CDATA[WARNING: A Java agent has been loaded dynamically (/Users/tonydo/.m2/repository/net/bytebuddy/byte-buddy-agent/1.15.0/byte-buddy-agent-1.15.0.jar)
WARNING: If a serviceability tool is in use, please run with -XX:+EnableDynamicAgentLoading to hide this warning
WARNING: If a serviceability tool is not in use, please run with -Djdk.instrument.traceUsage for more information
WARNING: Dynamic loading of agents will be disallowed by default in a future release
]]></system-err>
  </testcase>
  <testcase name="testInitialize" classname="com.therealworld.fitschedule.GoalsControllerTest" time="3.181">
    <error message="&#10;when() requires an argument which has to be &apos;a method call on a mock&apos;.&#10;For example:&#10;    when(mock.getArticles()).thenReturn(articles);&#10;&#10;Also, this error might show up because:&#10;1. you stub either of: final/private/native/equals()/hashCode() methods.&#10;   Those methods *cannot* be stubbed/verified.&#10;   Mocking methods declared on non-public parent classes is not supported.&#10;2. inside when() you don&apos;t call method on mock but on some other object.&#10;" type="org.mockito.exceptions.misusing.MissingMethodInvocationException"><![CDATA[org.mockito.exceptions.misusing.MissingMethodInvocationException: 

when() requires an argument which has to be 'a method call on a mock'.
For example:
    when(mock.getArticles()).thenReturn(articles);

Also, this error might show up because:
1. you stub either of: final/private/native/equals()/hashCode() methods.
   Those methods *cannot* be stubbed/verified.
   Mocking methods declared on non-public parent classes is not supported.
2. inside when() you don't call method on mock but on some other object.

	at com.therealworld.fitschedule@1.0-SNAPSHOT/com.therealworld.fitschedule.GoalsControllerTest.testInitialize(EditGoalsControllerTest.java:43)
	at java.base/java.lang.reflect.Method.invoke(Method.java:580)
	at java.base/java.util.ArrayList.forEach(ArrayList.java:1596)
	at java.base/java.util.ArrayList.forEach(ArrayList.java:1596)
]]></error>
    <system-out><![CDATA[Database connection established.
Fetched goal entry: ID: 1, User ID: 1, Type: Cardio, Duration: 5, Period: 10, Description: null
Fetched goal entry: ID: 2, User ID: 1, Type: Cardio, Duration: 4, Period: 4, Description: null
Fetched goal entry: ID: 3, User ID: 1, Type: Cardio, Duration: 5, Period: 3, Description: null
Fetched goal entry: ID: 4, User ID: 1, Type: Cardio, Duration: 4, Period: 34, Description: null
Fetched goal entry: ID: 5, User ID: 1, Type: Cardio, Duration: 4, Period: 0, Description: null
Fetched goal entry: ID: 6, User ID: 1, Type: Gym, Duration: 5, Period: 0, Description: null
Fetched goal entry: ID: 7, User ID: 1, Type: Crossfit, Duration: 4, Period: 4, Description: null
Fetched goal entry: ID: 8, User ID: 1, Type: ok, Duration: 6, Period: 3, Description: null
Fetched goal entry: ID: 9, User ID: 1, Type: Gym, Duration: 6, Period: 3, Description: null
Fetched goal entry: ID: 10, User ID: 1, Type: 3, Duration: 4, Period: 3, Description: null
Fetched goal entry: ID: 11, User ID: 1, Type: Gym, Duration: 4, Period: 3, Description: null
Fetched goal entry: ID: 12, User ID: 1, Type: Crossfit, Duration: 5, Period: 3, Description: null
Fetched goal entry: ID: 13, User ID: 1, Type: Cardio, Duration: 6, Period: 3, Description: null
Fetched goal entry: ID: 14, User ID: 1, Type: Gym, Duration: 5, Period: 4, Description: null
Fetched goal entry: ID: 15, User ID: 1, Type: okee, Duration: 5, Period: 34, Description: null
Fetched goal entry: ID: 16, User ID: 1, Type: 4, Duration: 4, Period: 4, Description: null
Fetched goal entry: ID: 17, User ID: 1, Type: Cardio, Duration: 5, Period: 2, Description: null
Fetched goal entry: ID: 18, User ID: 1, Type: 2, Duration: 5, Period: 2, Description: null
Fetched goal entry: ID: 19, User ID: 1, Type: 3, Duration: 5, Period: 3, Description: null
Fetched goal entry: ID: 20, User ID: 1, Type: 2, Duration: 4, Period: 3, Description: null
Fetched goal entry: ID: 21, User ID: 1, Type: Gym, Duration: 4, Period: 34, Description: null
Data loaded: 21 items.
]]></system-out>
  </testcase>
</testsuite>