<?xml version="1.0" encoding="UTF-8"?>
<testsuite xmlns:xsi="http://www.w3.org/2001/XMLSchema-instance" xsi:noNamespaceSchemaLocation="https://maven.apache.org/surefire/maven-surefire-plugin/xsd/surefire-test-report-3.0.xsd" version="3.0" name="com.therealworld.fitschedule.controllers.RegisterControllerTest" time="2.82" tests="11" errors="0" skipped="0" failures="0">
  <properties>
    <property name="java.specification.version" value="21"/>
    <property name="javafx.runtime.version" value="22.0.2+4"/>
    <property name="sun.cpu.isalist" value="amd64"/>
    <property name="sun.jnu.encoding" value="Cp1252"/>
    <property name="java.class.path" value="C:\Users\Ben\IdeaProjects\TheRealWorld2\target\test-classes;C:\Users\Ben\.m2\repository\org\openjfx\javafx-controls\22.0.2\javafx-controls-22.0.2.jar;C:\Users\Ben\.m2\repository\org\openjfx\javafx-graphics\22.0.2\javafx-graphics-22.0.2.jar;C:\Users\Ben\.m2\repository\org\openjfx\javafx-base\22.0.2\javafx-base-22.0.2.jar;C:\Users\Ben\.m2\repository\org\openjfx\javafx-fxml\22.0.2\javafx-fxml-22.0.2.jar;C:\Users\Ben\.m2\repository\org\junit\jupiter\junit-jupiter-api\5.10.0\junit-jupiter-api-5.10.0.jar;C:\Users\Ben\.m2\repository\org\opentest4j\opentest4j\1.3.0\opentest4j-1.3.0.jar;C:\Users\Ben\.m2\repository\org\junit\platform\junit-platform-commons\1.10.0\junit-platform-commons-1.10.0.jar;C:\Users\Ben\.m2\repository\org\apiguardian\apiguardian-api\1.1.2\apiguardian-api-1.1.2.jar;C:\Users\Ben\.m2\repository\org\junit\jupiter\junit-jupiter-engine\5.10.0\junit-jupiter-engine-5.10.0.jar;C:\Users\Ben\.m2\repository\org\junit\platform\junit-platform-engine\1.10.0\junit-platform-engine-1.10.0.jar;C:\Users\Ben\.m2\repository\org\mockito\mockito-core\5.13.0\mockito-core-5.13.0.jar;C:\Users\Ben\.m2\repository\net\bytebuddy\byte-buddy\1.15.0\byte-buddy-1.15.0.jar;C:\Users\Ben\.m2\repository\net\bytebuddy\byte-buddy-agent\1.15.0\byte-buddy-agent-1.15.0.jar;C:\Users\Ben\.m2\repository\org\objenesis\objenesis\3.3\objenesis-3.3.jar;C:\Users\Ben\.m2\repository\org\testfx\testfx-core\4.0.16-alpha\testfx-core-4.0.16-alpha.jar;C:\Users\Ben\.m2\repository\org\hamcrest\hamcrest-core\1.3\hamcrest-core-1.3.jar;C:\Users\Ben\.m2\repository\org\assertj\assertj-core\3.13.2\assertj-core-3.13.2.jar;C:\Users\Ben\.m2\repository\org\testfx\testfx-junit5\4.0.16-alpha\testfx-junit5-4.0.16-alpha.jar;C:\Users\Ben\.m2\repository\org\xerial\sqlite-jdbc\3.36.0.3\sqlite-jdbc-3.36.0.3.jar;"/>
    <property name="java.vm.vendor" value="Amazon.com Inc."/>
    <property name="sun.arch.data.model" value="64"/>
    <property name="user.variant" value=""/>
    <property name="java.vendor.url" value="https://aws.amazon.com/corretto/"/>
    <property name="user.timezone" value="Australia/Brisbane"/>
    <property name="javafx.version" value="22.0.2"/>
    <property name="os.name" value="Windows 10"/>
    <property name="java.vm.specification.version" value="21"/>
    <property name="sun.java.launcher" value="SUN_STANDARD"/>
    <property name="user.country" value="AU"/>
    <property name="sun.boot.library.path" value="C:\Users\Ben\.jdks\corretto-21.0.4\bin"/>
    <property name="sun.java.command" value="org.apache.maven.surefire.booter.ForkedBooter C:\Users\Ben\AppData\Local\Temp\surefire1600250487106161231 2024-10-27T14-52-37_482-jvmRun1 surefire-20241027145237760_1tmp surefire_0-20241027145237760_2tmp"/>
    <property name="jdk.debug" value="release"/>
    <property name="surefire.test.class.path" value="C:\Users\Ben\IdeaProjects\TheRealWorld2\target\test-classes;C:\Users\Ben\.m2\repository\org\openjfx\javafx-controls\22.0.2\javafx-controls-22.0.2.jar;C:\Users\Ben\.m2\repository\org\openjfx\javafx-graphics\22.0.2\javafx-graphics-22.0.2.jar;C:\Users\Ben\.m2\repository\org\openjfx\javafx-base\22.0.2\javafx-base-22.0.2.jar;C:\Users\Ben\.m2\repository\org\openjfx\javafx-fxml\22.0.2\javafx-fxml-22.0.2.jar;C:\Users\Ben\.m2\repository\org\junit\jupiter\junit-jupiter-api\5.10.0\junit-jupiter-api-5.10.0.jar;C:\Users\Ben\.m2\repository\org\opentest4j\opentest4j\1.3.0\opentest4j-1.3.0.jar;C:\Users\Ben\.m2\repository\org\junit\platform\junit-platform-commons\1.10.0\junit-platform-commons-1.10.0.jar;C:\Users\Ben\.m2\repository\org\apiguardian\apiguardian-api\1.1.2\apiguardian-api-1.1.2.jar;C:\Users\Ben\.m2\repository\org\junit\jupiter\junit-jupiter-engine\5.10.0\junit-jupiter-engine-5.10.0.jar;C:\Users\Ben\.m2\repository\org\junit\platform\junit-platform-engine\1.10.0\junit-platform-engine-1.10.0.jar;C:\Users\Ben\.m2\repository\org\mockito\mockito-core\5.13.0\mockito-core-5.13.0.jar;C:\Users\Ben\.m2\repository\net\bytebuddy\byte-buddy\1.15.0\byte-buddy-1.15.0.jar;C:\Users\Ben\.m2\repository\net\bytebuddy\byte-buddy-agent\1.15.0\byte-buddy-agent-1.15.0.jar;C:\Users\Ben\.m2\repository\org\objenesis\objenesis\3.3\objenesis-3.3.jar;C:\Users\Ben\.m2\repository\org\testfx\testfx-core\4.0.16-alpha\testfx-core-4.0.16-alpha.jar;C:\Users\Ben\.m2\repository\org\hamcrest\hamcrest-core\1.3\hamcrest-core-1.3.jar;C:\Users\Ben\.m2\repository\org\assertj\assertj-core\3.13.2\assertj-core-3.13.2.jar;C:\Users\Ben\.m2\repository\org\testfx\testfx-junit5\4.0.16-alpha\testfx-junit5-4.0.16-alpha.jar;C:\Users\Ben\.m2\repository\org\xerial\sqlite-jdbc\3.36.0.3\sqlite-jdbc-3.36.0.3.jar;"/>
    <property name="sun.cpu.endian" value="little"/>
    <property name="user.home" value="C:\Users\Ben"/>
    <property name="user.language" value="en"/>
    <property name="java.specification.vendor" value="Oracle Corporation"/>
    <property name="jdk.module.path" value="C:\Users\Ben\IdeaProjects\TheRealWorld2\target\classes;C:\Users\Ben\.m2\repository\org\openjfx\javafx-controls\22.0.2\javafx-controls-22.0.2-win.jar;C:\Users\Ben\.m2\repository\org\openjfx\javafx-graphics\22.0.2\javafx-graphics-22.0.2-win.jar;C:\Users\Ben\.m2\repository\org\openjfx\javafx-base\22.0.2\javafx-base-22.0.2-win.jar;C:\Users\Ben\.m2\repository\org\openjfx\javafx-fxml\22.0.2\javafx-fxml-22.0.2-win.jar;C:\Users\Ben\.m2\repository\org\mindrot\jbcrypt\0.4\jbcrypt-0.4.jar"/>
    <property name="java.version.date" value="2024-07-16"/>
    <property name="java.home" value="C:\Users\Ben\.jdks\corretto-21.0.4"/>
    <property name="file.separator" value="\"/>
    <property name="basedir" value="C:\Users\Ben\IdeaProjects\TheRealWorld2"/>
    <property name="java.vm.compressedOopsMode" value="Zero based"/>
    <property name="line.separator" value="&#10;"/>
    <property name="java.vm.specification.vendor" value="Oracle Corporation"/>
    <property name="java.specification.name" value="Java Platform API Specification"/>
    <property name="java.awt.headless" value="true"/>
    <property name="surefire.real.class.path" value="C:\Users\Ben\.m2\repository\org\apache\maven\surefire\surefire-booter\3.2.5\surefire-booter-3.2.5.jar;C:\Users\Ben\.m2\repository\org\apache\maven\surefire\surefire-api\3.2.5\surefire-api-3.2.5.jar;C:\Users\Ben\.m2\repository\org\apache\maven\surefire\surefire-logger-api\3.2.5\surefire-logger-api-3.2.5.jar;C:\Users\Ben\.m2\repository\org\apache\maven\surefire\surefire-shared-utils\3.2.5\surefire-shared-utils-3.2.5.jar;C:\Users\Ben\.m2\repository\org\apache\maven\surefire\surefire-extensions-spi\3.2.5\surefire-extensions-spi-3.2.5.jar;C:\Users\Ben\IdeaProjects\TheRealWorld2\target\test-classes;C:\Users\Ben\.m2\repository\org\openjfx\javafx-controls\22.0.2\javafx-controls-22.0.2.jar;C:\Users\Ben\.m2\repository\org\openjfx\javafx-graphics\22.0.2\javafx-graphics-22.0.2.jar;C:\Users\Ben\.m2\repository\org\openjfx\javafx-base\22.0.2\javafx-base-22.0.2.jar;C:\Users\Ben\.m2\repository\org\openjfx\javafx-fxml\22.0.2\javafx-fxml-22.0.2.jar;C:\Users\Ben\.m2\repository\org\junit\jupiter\junit-jupiter-api\5.10.0\junit-jupiter-api-5.10.0.jar;C:\Users\Ben\.m2\repository\org\opentest4j\opentest4j\1.3.0\opentest4j-1.3.0.jar;C:\Users\Ben\.m2\repository\org\junit\platform\junit-platform-commons\1.10.0\junit-platform-commons-1.10.0.jar;C:\Users\Ben\.m2\repository\org\apiguardian\apiguardian-api\1.1.2\apiguardian-api-1.1.2.jar;C:\Users\Ben\.m2\repository\org\junit\jupiter\junit-jupiter-engine\5.10.0\junit-jupiter-engine-5.10.0.jar;C:\Users\Ben\.m2\repository\org\junit\platform\junit-platform-engine\1.10.0\junit-platform-engine-1.10.0.jar;C:\Users\Ben\.m2\repository\org\mockito\mockito-core\5.13.0\mockito-core-5.13.0.jar;C:\Users\Ben\.m2\repository\net\bytebuddy\byte-buddy\1.15.0\byte-buddy-1.15.0.jar;C:\Users\Ben\.m2\repository\net\bytebuddy\byte-buddy-agent\1.15.0\byte-buddy-agent-1.15.0.jar;C:\Users\Ben\.m2\repository\org\objenesis\objenesis\3.3\objenesis-3.3.jar;C:\Users\Ben\.m2\repository\org\testfx\testfx-core\4.0.16-alpha\testfx-core-4.0.16-alpha.jar;C:\Users\Ben\.m2\repository\org\hamcrest\hamcrest-core\1.3\hamcrest-core-1.3.jar;C:\Users\Ben\.m2\repository\org\assertj\assertj-core\3.13.2\assertj-core-3.13.2.jar;C:\Users\Ben\.m2\repository\org\testfx\testfx-junit5\4.0.16-alpha\testfx-junit5-4.0.16-alpha.jar;C:\Users\Ben\.m2\repository\org\xerial\sqlite-jdbc\3.36.0.3\sqlite-jdbc-3.36.0.3.jar;C:\Users\Ben\.m2\repository\org\apache\maven\surefire\surefire-junit-platform\3.2.5\surefire-junit-platform-3.2.5.jar;C:\Users\Ben\.m2\repository\org\apache\maven\surefire\common-java5\3.2.5\common-java5-3.2.5.jar;C:\Users\Ben\.m2\repository\org\junit\platform\junit-platform-launcher\1.10.0\junit-platform-launcher-1.10.0.jar"/>
    <property name="user.script" value=""/>
    <property name="sun.management.compiler" value="HotSpot 64-Bit Tiered Compilers"/>
    <property name="java.runtime.version" value="21.0.4+7-LTS"/>
    <property name="user.name" value="Ben"/>
    <property name="stdout.encoding" value="Cp1252"/>
    <property name="path.separator" value=";"/>
    <property name="os.version" value="10.0"/>
    <property name="java.runtime.name" value="OpenJDK Runtime Environment"/>
    <property name="file.encoding" value="UTF-8"/>
    <property name="java.vm.name" value="OpenJDK 64-Bit Server VM"/>
    <property name="java.vendor.version" value="Corretto-21.0.4.7.1"/>
    <property name="localRepository" value="C:\Users\Ben\.m2\repository"/>
    <property name="java.vendor.url.bug" value="https://github.com/corretto/corretto-21/issues/"/>
    <property name="java.io.tmpdir" value="C:\Users\Ben\AppData\Local\Temp\"/>
    <property name="idea.version" value="2024.1.4"/>
    <property name="java.version" value="21.0.4"/>
    <property name="user.dir" value="C:\Users\Ben\IdeaProjects\TheRealWorld2"/>
    <property name="os.arch" value="amd64"/>
    <property name="java.vm.specification.name" value="Java Virtual Machine Specification"/>
    <property name="sun.os.patch.level" value=""/>
    <property name="native.encoding" value="Cp1252"/>
    <property name="java.library.path" value="C:\Users\Ben\.jdks\corretto-21.0.4\bin;C:\Windows\Sun\Java\bin;C:\Windows\system32;C:\Windows;C:\Program Files\Amazon Corretto\jdk21.0.4_7\bin;C:\Program Files\Common Files\Oracle\Java\javapath;C:\Program Files (x86)\NVIDIA Corporation\PhysX\Common;C:\Program Files (x86)\Razer Chroma SDK\bin;C:\Program Files\Razer Chroma SDK\bin;C:\Program Files (x86)\Razer\ChromaBroadcast\bin;C:\Program Files\Razer\ChromaBroadcast\bin;C:\Program Files\Eclipse Foundation\jre-8.0.302.8-hotspot\bin;C:\Program Files\Eclipse Foundation\jre-11.0.12.7-hotspot\bin;C:\Program Files (x86)\Eclipse Foundation\jre-8.0.302.8-hotspot\bin;C:\Windows\system32;C:\Windows;C:\Windows\System32\Wbem;C:\Windows\System32\WindowsPowerShell\v1.0\;C:\Windows\System32\OpenSSH\;C:\Program Files\NVIDIA Corporation\NVIDIA NvDLISR;C:\Program Files\Microsoft VS Code\bin;C:\Program Files (x86)\dotnet\;C:\Program Files\dotnet\;C:\Program Files\Microsoft SQL Server\130\Tools\Binn\;C:\Program Files\Microsoft SQL Server\Client SDK\ODBC\170\Tools\Binn\;C:\Program Files\dotnet\;C:\Program Files\MATLAB\R2021b\bin;C:\Windows\system32\config\systemprofile\AppData\Local\Microsoft\WindowsApps;C:\Program Files\nodejs\;C:\Program Files\Microsoft SQL Server\Client SDK\ODBC\110\Tools\Binn\;C:\Program Files (x86)\Microsoft SQL Server\120\Tools\Binn\;C:\Program Files\Microsoft SQL Server\120\Tools\Binn\;C:\Program Files\Microsoft SQL Server\120\DTS\Binn\;C:\Program Files (x86)\Windows Kits\8.1\Windows Performance Toolkit\;C:\ProgramData\ComposerSetup\bin;C:\Users\Ben\applications\php-8.1.12;C:\Program Files\PuTTY\;C:\Program Files\Git\cmd;C:\Program Files\apache-maven-3.9.9\bin;C:\Users\Ben\AppData\Local\Programs\Python\Python312\Scripts\;C:\Users\Ben\AppData\Local\Programs\Python\Python312\;C:\Program Files\MySQL\MySQL Shell 8.0\bin\;C:\Users\Ben\AppData\Local\Microsoft\WindowsApps;C:\Users\Ben\.dotnet\tools;C:\Program Files\dotnet\;C:\Users\Ben\AppData\Roaming\npm;C:\Users\Ben\AppData\Roaming\Composer\vendor\bin;."/>
    <property name="java.vm.info" value="mixed mode"/>
    <property name="stderr.encoding" value="Cp1252"/>
    <property name="java.vendor" value="Amazon.com Inc."/>
    <property name="java.vm.version" value="21.0.4+7-LTS"/>
    <property name="sun.io.unicode.encoding" value="UnicodeLittle"/>
    <property name="java.class.version" value="65.0"/>
  </properties>
  <testcase name="testInvalidRegistrationPasswordMismatch" classname="com.therealworld.fitschedule.controllers.RegisterControllerTest" time="0.246">
    <system-out><![CDATA[Database URL: jdbc:sqlite:FitScheduleDBConnection.db
Users table created or already exists.
currentSchedule table created or already exists.
Goals table created or already exists.
Badges table created or already exists.
Total_Goals table created or already exists.
User Profile table created or already exists.
'isFitnessEvent' column already exists.
'goal_progress' column already exists.
Fitness events table created or already exists.
]]></system-out>
  </testcase>
  <testcase name="testValidRegistration" classname="com.therealworld.fitschedule.controllers.RegisterControllerTest" time="0.246">
    <system-out><![CDATA[Database URL: jdbc:sqlite:FitScheduleDBConnection.db
Users table created or already exists.
currentSchedule table created or already exists.
Goals table created or already exists.
Badges table created or already exists.
Total_Goals table created or already exists.
User Profile table created or already exists.
'isFitnessEvent' column already exists.
'goal_progress' column already exists.
Fitness events table created or already exists.
]]></system-out>
  </testcase>
  <testcase name="testUsernameExceedsMaxLength" classname="com.therealworld.fitschedule.controllers.RegisterControllerTest" time="0.244">
    <system-out><![CDATA[Database URL: jdbc:sqlite:FitScheduleDBConnection.db
Users table created or already exists.
currentSchedule table created or already exists.
Goals table created or already exists.
Badges table created or already exists.
Total_Goals table created or already exists.
User Profile table created or already exists.
'isFitnessEvent' column already exists.
'goal_progress' column already exists.
Fitness events table created or already exists.
]]></system-out>
  </testcase>
  <testcase name="testInvalidEmailFormat" classname="com.therealworld.fitschedule.controllers.RegisterControllerTest" time="0.247">
    <system-out><![CDATA[Database URL: jdbc:sqlite:FitScheduleDBConnection.db
Users table created or already exists.
currentSchedule table created or already exists.
Goals table created or already exists.
Badges table created or already exists.
Total_Goals table created or already exists.
User Profile table created or already exists.
'isFitnessEvent' column already exists.
'goal_progress' column already exists.
Fitness events table created or already exists.
]]></system-out>
  </testcase>
  <testcase name="testAllFieldsEmpty" classname="com.therealworld.fitschedule.controllers.RegisterControllerTest" time="0.245">
    <system-out><![CDATA[Database URL: jdbc:sqlite:FitScheduleDBConnection.db
Users table created or already exists.
currentSchedule table created or already exists.
Goals table created or already exists.
Badges table created or already exists.
Total_Goals table created or already exists.
User Profile table created or already exists.
'isFitnessEvent' column already exists.
'goal_progress' column already exists.
Fitness events table created or already exists.
]]></system-out>
  </testcase>
  <testcase name="testSimultaneousRegistrations" classname="com.therealworld.fitschedule.controllers.RegisterControllerTest" time="0.355">
    <system-out><![CDATA[Database URL: jdbc:sqlite:FitScheduleDBConnection.db
Users table created or already exists.
currentSchedule table created or already exists.
Goals table created or already exists.
Badges table created or already exists.
Total_Goals table created or already exists.
User Profile table created or already exists.
'isFitnessEvent' column already exists.
'goal_progress' column already exists.
Fitness events table created or already exists.
]]></system-out>
  </testcase>
  <testcase name="testInvalidPhoneNumber" classname="com.therealworld.fitschedule.controllers.RegisterControllerTest" time="0.243">
    <system-out><![CDATA[Database URL: jdbc:sqlite:FitScheduleDBConnection.db
Users table created or already exists.
currentSchedule table created or already exists.
Goals table created or already exists.
Badges table created or already exists.
Total_Goals table created or already exists.
User Profile table created or already exists.
'isFitnessEvent' column already exists.
'goal_progress' column already exists.
Fitness events table created or already exists.
]]></system-out>
  </testcase>
  <testcase name="testShortPhoneNumber" classname="com.therealworld.fitschedule.controllers.RegisterControllerTest" time="0.241">
    <system-out><![CDATA[Database URL: jdbc:sqlite:FitScheduleDBConnection.db
Users table created or already exists.
currentSchedule table created or already exists.
Goals table created or already exists.
Badges table created or already exists.
Total_Goals table created or already exists.
User Profile table created or already exists.
'isFitnessEvent' column already exists.
'goal_progress' column already exists.
Fitness events table created or already exists.
]]></system-out>
  </testcase>
  <testcase name="testUsernameFieldWithSpaces" classname="com.therealworld.fitschedule.controllers.RegisterControllerTest" time="0.245">
    <system-out><![CDATA[Database URL: jdbc:sqlite:FitScheduleDBConnection.db
Users table created or already exists.
currentSchedule table created or already exists.
Goals table created or already exists.
Badges table created or already exists.
Total_Goals table created or already exists.
User Profile table created or already exists.
'isFitnessEvent' column already exists.
'goal_progress' column already exists.
Fitness events table created or already exists.
]]></system-out>
  </testcase>
  <testcase name="testRegistrationWithEmptyFields" classname="com.therealworld.fitschedule.controllers.RegisterControllerTest" time="0.257">
    <system-out><![CDATA[Database URL: jdbc:sqlite:FitScheduleDBConnection.db
Users table created or already exists.
currentSchedule table created or already exists.
Goals table created or already exists.
Badges table created or already exists.
Total_Goals table created or already exists.
User Profile table created or already exists.
'isFitnessEvent' column already exists.
'goal_progress' column already exists.
Fitness events table created or already exists.
]]></system-out>
  </testcase>
  <testcase name="testValidPhoneNumberWithPlus" classname="com.therealworld.fitschedule.controllers.RegisterControllerTest" time="0.25">
    <system-out><![CDATA[Database URL: jdbc:sqlite:FitScheduleDBConnection.db
Users table created or already exists.
currentSchedule table created or already exists.
Goals table created or already exists.
Badges table created or already exists.
Total_Goals table created or already exists.
User Profile table created or already exists.
'isFitnessEvent' column already exists.
'goal_progress' column already exists.
Fitness events table created or already exists.
]]></system-out>
  </testcase>
</testsuite>